<testng-results>
  <reporter-output>
  </reporter-output>
  <suite name="Ant suite">
    <groups>
    </groups>
    <test name="Ant test">
      <class name="org.jcatapult.mock.servlet.MockHttpServletRequestTest">
        <test-method status="PASS" signature="multipart()" name="multipart" duration-ms="63" started-at="2011-09-30T11:24:01Z" finished-at="2011-09-30T11:24:01Z">
        </test-method>
        <test-method status="PASS" signature="multipartJARFile()" name="multipartJARFile" duration-ms="42" started-at="2011-09-30T11:24:01Z" finished-at="2011-09-30T11:24:01Z">
        </test-method>
      </class>
      <class name="org.jcatapult.mock.servlet.MockServletContextTest">
        <test-method status="PASS" signature="resource()" name="resource" duration-ms="4" started-at="2011-09-30T11:24:01Z" finished-at="2011-09-30T11:24:01Z">
        </test-method>
        <test-method status="PASS" signature="resourcePath()" name="resourcePath" duration-ms="13" started-at="2011-09-30T11:24:01Z" finished-at="2011-09-30T11:24:01Z">
        </test-method>
      </class>
    </test>
  </suite>
</testng-results>
