<?xml version="1.0" encoding="UTF-8" ?>
<testsuite errors="0" failures="0" hostname="jhumphrey.texturemedia.net" name="org.jcatapult.scaffold.ScaffoldingHelperTest" tests="1" time="0.411" timestamp="2008-01-29T22:03:15">
  <properties>
[...]
</properties>
  <testcase classname="org.jcatapult.scaffold.ScaffoldingHelperTest" name="testGetClassInformation" time="0.332" />
  <system-out><![CDATA[Field name email
Field type Email
Field name notSaved
Field type String
Field name age
Field type int
Field name inner
Field type Inner
Field name optional
Field type String
Field name flag
Field type boolean
Field name name
Field type String
Field name categories
Field type List
]]></system-out>
  <system-err><![CDATA[]]></system-err>
</testsuite>
